<?xml version="1.0" encoding="UTF-8"?>
<testng-results ignored="0" total="1" passed="1" failed="0" skipped="0">
  <reporter-output>
  </reporter-output>
  <suite started-at="2023-11-28T16:26:00 NZDT" name="Default suite" finished-at="2023-11-28T16:26:22 NZDT" duration-ms="22315">
    <groups>
    </groups>
    <test started-at="2023-11-28T16:26:00 NZDT" name="Default test" finished-at="2023-11-28T16:26:22 NZDT" duration-ms="22315">
      <class name="Practise_programs.Opencartdemo">
        <test-method is-config="true" signature="setup()[pri:0, instance:Practise_programs.Opencartdemo@4efbca5a]" started-at="2023-11-28T16:26:00 NZDT" name="setup" finished-at="2023-11-28T16:26:09 NZDT" duration-ms="9173" status="PASS">
          <reporter-output>
          </reporter-output>
        </test-method> <!-- setup -->
        <test-method signature="testlogin()[pri:1, instance:Practise_programs.Opencartdemo@4efbca5a]" started-at="2023-11-28T16:26:09 NZDT" name="testlogin" finished-at="2023-11-28T16:26:22 NZDT" duration-ms="12697" status="PASS">
          <reporter-output>
          </reporter-output>
        </test-method> <!-- testlogin -->
        <test-method is-config="true" signature="teardown()[pri:0, instance:Practise_programs.Opencartdemo@4efbca5a]" started-at="2023-11-28T16:26:22 NZDT" name="teardown" finished-at="2023-11-28T16:26:22 NZDT" duration-ms="368" status="PASS">
          <reporter-output>
          </reporter-output>
        </test-method> <!-- teardown -->
      </class> <!-- Practise_programs.Opencartdemo -->
    </test> <!-- Default test -->
  </suite> <!-- Default suite -->
</testng-results>
