<?xml version="1.0" encoding="UTF-8"?>
<!-- Generated by org.testng.reporters.JUnitXMLReporter -->
<testsuite ignored="0" hostname="ICS-LTP-VELSEL" failures="1" tests="3" name="edgetest" time="7.34" errors="0" timestamp="2023-11-25T17:05:13 NZDT">
  <testcase classname="Day44.Paramtest" name="testlogo" time="0.449">
    <failure type="java.lang.AssertionError" message="expected [true] but found [false]">
      <![CDATA[java.lang.AssertionError: expected [true] but found [false]
at Day44.Paramtest.testlogo(Paramtest.java:39)
at java.base/java.util.ArrayList.forEach(ArrayList.java:1511)
... Removed 31 stack frames]]>
    </failure>
  </testcase> <!-- testlogo -->
  <testcase classname="Day44.Paramtest" name="testhomepage" time="0.014"/>
  <testcase classname="Day44.Paramtest" name="testurl" time="0.018"/>
</testsuite> <!-- edgetest -->
